[INFO] Scanning for projects...
[INFO] 
[INFO] -------------------< com.sistemaponto:sistema-ponto >-------------------
[INFO] Building demo 0.0.1-SNAPSHOT
[INFO] --------------------------------[ jar ]---------------------------------
Downloading from central: https://repo.maven.apache.org/maven2/org/apache/maven/plugins/maven-surefire-plugin/2.22.0/maven-surefire-plugin-2.22.0.pom
Progress (1): 2.7/5.0 kBProgress (1): 5.0 kB                        Downloaded from central: https://repo.maven.apache.org/maven2/org/apache/maven/plugins/maven-surefire-plugin/2.22.0/maven-surefire-plugin-2.22.0.pom (5.0 kB at 1.1 kB/s)
Downloading from central: https://repo.maven.apache.org/maven2/org/apache/maven/surefire/surefire/2.22.0/surefire-2.22.0.pom
Progress (1): 2.7/27 kBProgress (1): 5.5/27 kBProgress (1): 8.2/27 kBProgress (1): 11/27 kB Progress (1): 14/27 kBProgress (1): 16/27 kBProgress (1): 19/27 kBProgress (1): 22/27 kBProgress (1): 25/27 kBProgress (1): 27 kB                      Downloaded from central: https://repo.maven.apache.org/maven2/org/apache/maven/surefire/surefire/2.22.0/surefire-2.22.0.pom (27 kB at 50 kB/s)
[INFO] 
[INFO] --- maven-clean-plugin:3.1.0:clean (default-clean) @ sistema-ponto ---
[INFO] Deleting D:\Sistemas\cursos\RestfulSpring\sistema-ponto\target
[INFO] 
[INFO] --- maven-resources-plugin:3.1.0:resources (default-resources) @ sistema-ponto ---
[INFO] Using 'UTF-8' encoding to copy filtered resources.
[INFO] Copying 2 resources
[INFO] Copying 0 resource
[INFO] 
[INFO] --- maven-compiler-plugin:3.8.1:compile (default-compile) @ sistema-ponto ---
[INFO] Changes detected - recompiling the module!
[INFO] Compiling 10 source files to D:\Sistemas\cursos\RestfulSpring\sistema-ponto\target\classes
[INFO] 
[INFO] --- maven-resources-plugin:3.1.0:testResources (default-testResources) @ sistema-ponto ---
[INFO] Using 'UTF-8' encoding to copy filtered resources.
[INFO] skip non existing resourceDirectory D:\Sistemas\cursos\RestfulSpring\sistema-ponto\src\test\resources
[INFO] 
[INFO] --- maven-compiler-plugin:3.8.1:testCompile (default-testCompile) @ sistema-ponto ---
[INFO] Changes detected - recompiling the module!
[INFO] Compiling 4 source files to D:\Sistemas\cursos\RestfulSpring\sistema-ponto\target\test-classes
[INFO] 
[INFO] --- maven-surefire-plugin:2.22.0:test (default-test) @ sistema-ponto ---
Downloading from central: https://repo.maven.apache.org/maven2/org/apache/maven/surefire/maven-surefire-common/2.22.0/maven-surefire-common-2.22.0.pom
Progress (1): 2.7/11 kBProgress (1): 5.5/11 kBProgress (1): 8.2/11 kBProgress (1): 11/11 kB Progress (1): 11 kB                      Downloaded from central: https://repo.maven.apache.org/maven2/org/apache/maven/surefire/maven-surefire-common/2.22.0/maven-surefire-common-2.22.0.pom (11 kB at 32 kB/s)
Deseja finalizar o arquivo em lotes (S/N)? 
